SF:lib\core\src\model\cocktail.dart
DA:93,1
DA:103,1
LF:2
LH:2
end_of_record
SF:lib\ui\pages\details\cocktail_description\cocktail_description_widget.dart
DA:12,1
DA:14,1
DA:16,1
DA:18,1
DA:20,1
DA:22,1
DA:23,1
DA:24,2
DA:25,2
DA:27,1
DA:29,1
DA:30,3
DA:31,3
DA:34,1
DA:36,3
DA:38,1
DA:40,3
DA:42,1
DA:44,3
LF:19
LH:19
end_of_record
SF:lib\ui\pages\details\cocktail_ingredients\ingredients_widget.dart
DA:10,1
DA:12,1
DA:13,1
DA:15,1
DA:17,1
DA:20,1
DA:21,4
DA:22,1
DA:23,3
DA:24,1
DA:25,1
DA:26,1
LF:12
LH:12
end_of_record
SF:lib\ui\pages\details\cocktail_instruction\cocktail_instruction.dart
DA:10,1
DA:12,1
DA:14,3
DA:15,1
DA:18,1
DA:20,1
DA:22,1
DA:23,1
DA:25,4
DA:27,1
DA:28,1
DA:29,6
DA:30,1
DA:37,1
DA:38,1
DA:40,1
DA:43,1
DA:44,1
DA:45,1
DA:48,1
DA:50,1
DA:51,4
LF:22
LH:22
end_of_record
SF:lib\ui\pages\details\cocktail_preview.dart
DA:8,1
DA:10,1
DA:12,1
DA:13,1
DA:14,1
DA:15,1
DA:16,2
DA:18,1
DA:20,1
DA:22,1
DA:34,1
DA:35,1
DA:37,1
DA:40,1
DA:41,1
DA:42,1
DA:46,0
DA:48,1
DA:49,0
DA:50,1
LF:20
LH:18
end_of_record
SF:lib\ui\pages\details\cocktail_rating_bar\cocktail_rating_bar.dart
DA:9,1
DA:11,1
DA:13,1
DA:15,1
DA:17,1
DA:20,4
LF:6
LH:6
end_of_record
SF:lib\core\src\model\cocktail_category.dart
DA:44,1
DA:46,0
DA:47,0
DA:49,0
DA:52,0
DA:53,0
DA:54,0
DA:56,0
DA:57,0
DA:59,0
DA:60,0
LF:11
LH:1
end_of_record
SF:lib\core\src\model\cocktail_type.dart
DA:23,1
DA:25,0
DA:26,0
DA:28,0
DA:31,0
DA:32,0
DA:33,0
DA:35,0
DA:36,0
DA:42,0
DA:43,0
LF:11
LH:1
end_of_record
SF:lib\core\src\model\glass_type.dart
DA:97,1
DA:99,0
DA:100,0
DA:102,0
DA:105,0
DA:106,0
DA:107,0
DA:109,0
DA:110,0
DA:112,0
DA:113,0
LF:11
LH:1
end_of_record
SF:lib\core\src\model\ingredient_definition.dart
DA:8,1
LF:1
LH:1
end_of_record
SF:lib\core\src\model\cocktail_definition.dart
DA:10,1
LF:1
LH:1
end_of_record
SF:lib\ui\pages\details\cocktail_description\cocktail_characteristic_text.dart
DA:10,1
DA:15,1
DA:17,1
DA:19,1
DA:21,1
DA:22,1
DA:23,1
DA:24,3
DA:26,1
DA:28,2
LF:10
LH:10
end_of_record
SF:lib\ui\pages\details\cocktail_description\cocktail_value_text.dart
DA:8,1
DA:10,1
DA:12,1
DA:13,1
DA:15,2
DA:17,1
DA:19,1
DA:20,1
DA:21,3
LF:9
LH:9
end_of_record
SF:lib\ui\pages\details\cocktail_description\cocktail_title.dart
DA:8,1
DA:13,1
DA:14,1
DA:17,1
DA:18,1
DA:19,1
DA:20,3
DA:22,1
DA:26,2
DA:27,1
DA:29,1
DA:30,1
DA:31,0
DA:34,1
DA:36,1
DA:37,1
DA:38,0
LF:17
LH:15
end_of_record
SF:lib\ui\pages\details\cocktail_ingredients\cocktail_ingredient_row.dart
DA:8,1
DA:13,1
DA:14,1
DA:16,1
DA:18,1
DA:19,1
DA:20,1
DA:21,3
DA:23,1
DA:24,1
DA:25,3
LF:11
LH:11
end_of_record
SF:lib\ui\pages\details\cocktail_rating_bar\cocktail_rating_star.dart
DA:8,1
DA:10,1
DA:12,1
DA:15,1
DA:16,1
DA:18,1
DA:23,1
DA:24,1
DA:25,1
DA:27,1
LF:10
LH:10
end_of_record
